<?xml version="1.0" encoding="UTF-8"?>
<testsuite name="PileTest" tests="1" skipped="0" failures="0" errors="0" timestamp="2022-11-11T04:54:09" hostname="CWLT22" time="0.025">
  <properties/>
  <testcase name="add multiple cubes to the pile()" classname="PileTest" time="0.025"/>
  <system-out><![CDATA[]]></system-out>
  <system-err><![CDATA[]]></system-err>
</testsuite>
